<?xml version="1.0" encoding="utf-8"?>
<testsuites time="0.039" tests="2" failures="0">
  <testsuite id="0" name="/home/paulo/codenation/csharp-3/Source.TestSubmission/bin/Debug/netcoreapp2.2/Source.TestSubmission.dll" tests="2" failures="0" time="0.039">
    <testcase classname="Codenation.Challenge.CountryTest" name="Codenation.Challenge.CountryTest.Should_Return_10_Itens_When_Get_Top_10_States" time="0.0210000" />
    <testcase classname="Codenation.Challenge.CountryTest" name="Codenation.Challenge.CountryTest.Should_Return_Top_10_States_By_Area" time="0.0180000" />
  </testsuite>
</testsuites>